..+ error
..+ ..+ code
..+ ..+ ..+ 8192
..+ ..+ line
..+ ..+ ..+ 58
..+ ..+ type
..+ ..+ ..+ E_DEPRECATED
..+ ..+ file
..+ ..+ ..+ /system/builtin/Util/Security/BuiltIn/AES256.php
..+ ..+ message
..+     ..+ base64_decode(): Passing null to parameter #1 ($string) of type string is deprecated
..+ timestamp
    ..+ 1654219454
..+ error
..+ ..+ code
..+ ..+ ..+ 8192
..+ ..+ line
..+ ..+ ..+ 58
..+ ..+ type
..+ ..+ ..+ E_DEPRECATED
..+ ..+ file
..+ ..+ ..+ /system/builtin/Util/Security/BuiltIn/AES256.php
..+ ..+ message
..+     ..+ base64_decode(): Passing null to parameter #1 ($string) of type string is deprecated
..+ timestamp
    ..+ 1654219455
..+ error
..+ ..+ code
..+ ..+ ..+ 8192
..+ ..+ line
..+ ..+ ..+ 58
..+ ..+ type
..+ ..+ ..+ E_DEPRECATED
..+ ..+ file
..+ ..+ ..+ /system/builtin/Util/Security/BuiltIn/AES256.php
..+ ..+ message
..+     ..+ base64_decode(): Passing null to parameter #1 ($string) of type string is deprecated
..+ timestamp
    ..+ 1654219557
..+ error
..+ ..+ code
..+ ..+ ..+ 8192
..+ ..+ line
..+ ..+ ..+ 58
..+ ..+ type
..+ ..+ ..+ E_DEPRECATED
..+ ..+ file
..+ ..+ ..+ /system/builtin/Util/Security/BuiltIn/AES256.php
..+ ..+ message
..+     ..+ base64_decode(): Passing null to parameter #1 ($string) of type string is deprecated
..+ timestamp
    ..+ 1654219558
..+ error
..+ ..+ code
..+ ..+ ..+ 8192
..+ ..+ line
..+ ..+ ..+ 58
..+ ..+ type
..+ ..+ ..+ E_DEPRECATED
..+ ..+ file
..+ ..+ ..+ /system/builtin/Util/Security/BuiltIn/AES256.php
..+ ..+ message
..+     ..+ base64_decode(): Passing null to parameter #1 ($string) of type string is deprecated
..+ timestamp
    ..+ 1654219569
..+ error
..+ ..+ code
..+ ..+ ..+ 8192
..+ ..+ line
..+ ..+ ..+ 58
..+ ..+ type
..+ ..+ ..+ E_DEPRECATED
..+ ..+ file
..+ ..+ ..+ /system/builtin/Util/Security/BuiltIn/AES256.php
..+ ..+ message
..+     ..+ base64_decode(): Passing null to parameter #1 ($string) of type string is deprecated
..+ timestamp
    ..+ 1654219569
..+ error
..+ ..+ code
..+ ..+ ..+ 2
..+ ..+ line
..+ ..+ ..+ 60
..+ ..+ type
..+ ..+ ..+ E_WARNING
..+ ..+ file
..+ ..+ ..+ /system/builtin/Util/Security/BuiltIn/AES256.php
..+ ..+ message
..+     ..+ Undefined variable $string
..+ timestamp
    ..+ 1654219670
..+ error
..+ ..+ code
..+ ..+ ..+ 2
..+ ..+ line
..+ ..+ ..+ 60
..+ ..+ type
..+ ..+ ..+ E_WARNING
..+ ..+ file
..+ ..+ ..+ /system/builtin/Util/Security/BuiltIn/AES256.php
..+ ..+ message
..+     ..+ Undefined variable $string
..+ timestamp
    ..+ 1654219670
..+ error
..+ ..+ code
..+ ..+ ..+ 8192
..+ ..+ line
..+ ..+ ..+ 143
..+ ..+ type
..+ ..+ ..+ E_DEPRECATED
..+ ..+ file
..+ ..+ ..+ /system/builtin/Util/Database/Driver/PDO/PDOProvider.php
..+ ..+ message
..+     ..+ Return type of Yume\Kama\Obi\Database\Driver\PDO\PDOProvider::prepare(?string $query = null, array $options = []): Yume\Kama\Obi\Database\Driver\PDO\PDOStatement|bool should either be compatible with PDO::prepare(string $query, array $options = []): PDOStatement|false, or the #[\ReturnTypeWillChange] attribute should be used to temporarily suppress the notice
..+ timestamp
    ..+ 1654219865
