..+ error
..+ ..+ code
..+ ..+ ..+ 2
..+ ..+ line
..+ ..+ ..+ 120
..+ ..+ type
..+ ..+ ..+ E_WARNING
..+ ..+ file
..+ ..+ ..+ /system/builtin/Util/IO/File/File.php
..+ ..+ message
..+     ..+ Undefined variable $mixed
..+ timestamp
    ..+ 1651872213
..+ error
..+ ..+ code
..+ ..+ ..+ 2
..+ ..+ line
..+ ..+ ..+ 120
..+ ..+ type
..+ ..+ ..+ E_WARNING
..+ ..+ file
..+ ..+ ..+ /system/builtin/Util/IO/File/File.php
..+ ..+ message
..+     ..+ Undefined variable $mixed
..+ timestamp
    ..+ 1651872214
..+ error
..+ ..+ code
..+ ..+ ..+ 2
..+ ..+ line
..+ ..+ ..+ 57
..+ ..+ type
..+ ..+ ..+ E_WARNING
..+ ..+ file
..+ ..+ ..+ /system/routes/routes.php
..+ ..+ message
..+     ..+ Undefined variable $users
..+ timestamp
    ..+ 1651874881
..+ error
..+ ..+ code
..+ ..+ ..+ 2
..+ ..+ line
..+ ..+ ..+ 57
..+ ..+ type
..+ ..+ ..+ E_WARNING
..+ ..+ file
..+ ..+ ..+ /system/routes/routes.php
..+ ..+ message
..+     ..+ Undefined variable $users
..+ timestamp
    ..+ 1651874884
