..+ error
..+ ..+ code
..+ ..+ ..+ 2
..+ ..+ line
..+ ..+ ..+ 49
..+ ..+ type
..+ ..+ ..+ E_WARNING
..+ ..+ file
..+ ..+ ..+ /system/builtin/Util/HTTP/Filter/RegExp.php
..+ ..+ message
..+     ..+ preg_match(): Compilation failed: quantifier does not follow a repeatable item at offset 0
..+ timestamp
    ..+ 1651016458
..+ error
..+ ..+ code
..+ ..+ ..+ 2
..+ ..+ line
..+ ..+ ..+ 49
..+ ..+ type
..+ ..+ ..+ E_WARNING
..+ ..+ file
..+ ..+ ..+ /system/builtin/Util/HTTP/Filter/RegExp.php
..+ ..+ message
..+     ..+ preg_match(): Compilation failed: quantifier does not follow a repeatable item at offset 0
..+ timestamp
    ..+ 1651063589
