..+ error
..+ ..+ code
..+ ..+ ..+ 2
..+ ..+ line
..+ ..+ ..+ 140
..+ ..+ type
..+ ..+ ..+ E_WARNING
..+ ..+ file
..+ ..+ ..+ /system/builtin/Util/Database/Driver/PDO/PDOProvider.php
..+ ..+ message
..+     ..+ Array to string conversion
..+ timestamp
    ..+ 1651101685
..+ error
..+ ..+ code
..+ ..+ ..+ 2
..+ ..+ line
..+ ..+ ..+ 140
..+ ..+ type
..+ ..+ ..+ E_WARNING
..+ ..+ file
..+ ..+ ..+ /system/builtin/Util/Database/Driver/PDO/PDOProvider.php
..+ ..+ message
..+     ..+ Array to string conversion
..+ timestamp
    ..+ 1651101862
..+ error
..+ ..+ code
..+ ..+ ..+ 2
..+ ..+ line
..+ ..+ ..+ 141
..+ ..+ type
..+ ..+ ..+ E_WARNING
..+ ..+ file
..+ ..+ ..+ /system/builtin/Util/Database/Driver/PDO/PDOProvider.php
..+ ..+ message
..+     ..+ Array to string conversion
..+ timestamp
    ..+ 1651102009
